app/build/intermediates/manifest_merge_blame_file/debug/manifest-merger-blame-debug-report.txt
1<?xml version="1.0" encoding="utf-8"?>
2<manifest xmlns:android="http://schemas.android.com/apk/res/android"
3    package="com.m.sofiane.Go4lunch"
4    android:versionCode="1"
5    android:versionName="1.0" >
6
7    <uses-sdk
8        android:minSdkVersion="19"
8-->src/main/AndroidManifest.xml
9        android:targetSdkVersion="29" />
9-->src/main/AndroidManifest.xml
10
11    <uses-permission android:name="android.permission.ACCESS_COARSE_LOCATION" />
11-->src/main/AndroidManifest.xml:47:5-81
11-->src/main/AndroidManifest.xml:47:22-78
12    <uses-permission android:name="android.permission.INTERNET" />
12-->src/main/AndroidManifest.xml:48:5-67
12-->src/main/AndroidManifest.xml:48:22-64
13    <uses-permission android:name="android.permission.READ_EXTERNAL_STORAGE" />
13-->src/main/AndroidManifest.xml:49:5-80
13-->src/main/AndroidManifest.xml:49:22-77
14    <uses-permission android:name="android.permission.WRITE_EXTERNAL_STORAGE" />
14-->src/main/AndroidManifest.xml:50:5-81
14-->src/main/AndroidManifest.xml:50:22-78
15    <uses-permission android:name="android.permision.CALL_PHONE" />
15-->src/main/AndroidManifest.xml:51:5-68
15-->src/main/AndroidManifest.xml:51:22-65
16    <uses-permission android:name="android.permission.ACCESS_FINE_LOCATION" />
16-->src/main/AndroidManifest.xml:52:5-79
16-->src/main/AndroidManifest.xml:52:22-76
17    <uses-permission android:name="android.permission.ACCESS_NETWORK_STATE" />
17-->[com.firebaseui:firebase-ui-auth:6.0.2] AndroidManifest.xml:12:5-79
17-->[com.firebaseui:firebase-ui-auth:6.0.2] AndroidManifest.xml:12:22-76
18    <uses-permission android:name="android.permission.ACCESS_WIFI_STATE" />
18-->[com.google.android.libraries.places:places:2.2.0] AndroidManifest.xml:10:5-76
18-->[com.google.android.libraries.places:places:2.2.0] AndroidManifest.xml:10:22-73
19
20    <uses-feature
20-->[com.google.android.gms:play-services-maps:17.0.0] AndroidManifest.xml:26:5-28:35
21        android:glEsVersion="0x00020000"
21-->[com.google.android.gms:play-services-maps:17.0.0] AndroidManifest.xml:27:9-41
22        android:required="true" />
22-->[com.google.android.gms:play-services-maps:17.0.0] AndroidManifest.xml:28:9-32
23
24    <uses-permission android:name="android.permission.WAKE_LOCK" />
24-->[androidx.work:work-runtime:2.0.0] AndroidManifest.xml:23:5-68
24-->[androidx.work:work-runtime:2.0.0] AndroidManifest.xml:23:22-65
25    <uses-permission android:name="android.permission.RECEIVE_BOOT_COMPLETED" /> <!-- Required by older versions of Google Play services to create IID tokens -->
25-->[androidx.work:work-runtime:2.0.0] AndroidManifest.xml:25:5-81
25-->[androidx.work:work-runtime:2.0.0] AndroidManifest.xml:25:22-78
26    <uses-permission android:name="com.google.android.c2dm.permission.RECEIVE" />
26-->[com.google.firebase:firebase-iid:20.1.6] AndroidManifest.xml:26:5-82
26-->[com.google.firebase:firebase-iid:20.1.6] AndroidManifest.xml:26:22-79
27    <uses-permission android:name="com.google.android.finsky.permission.BIND_GET_INSTALL_REFERRER_SERVICE" />
27-->[com.google.android.gms:play-services-measurement:17.3.0] AndroidManifest.xml:26:5-110
27-->[com.google.android.gms:play-services-measurement:17.3.0] AndroidManifest.xml:26:22-107
28
29    <application
29-->src/main/AndroidManifest.xml:6:5-46:19
30        android:name="androidx.multidex.MultiDexApplication"
31        android:allowBackup="true"
31-->src/main/AndroidManifest.xml:7:9-35
32        android:appComponentFactory="androidx.core.app.CoreComponentFactory"
32-->[androidx.core:core:1.1.0] AndroidManifest.xml:24:18-86
33        android:debuggable="true"
34        android:icon="@mipmap/ic_launcher"
34-->src/main/AndroidManifest.xml:8:9-43
35        android:label="@string/app_name"
35-->src/main/AndroidManifest.xml:9:9-41
36        android:largeHeap="true"
36-->src/main/AndroidManifest.xml:10:9-33
37        android:roundIcon="@mipmap/ic_launcher_round"
37-->src/main/AndroidManifest.xml:11:9-54
38        android:supportsRtl="true"
38-->src/main/AndroidManifest.xml:12:9-35
39        android:testOnly="true"
40        android:theme="@style/AppTheme" >
40-->src/main/AndroidManifest.xml:13:9-40
41        <meta-data
41-->src/main/AndroidManifest.xml:17:9-106
42            android:name="com.google.android.geo.API_KEY"
42-->src/main/AndroidManifest.xml:17:20-65
43            android:value="@string/google_api_key" />
43-->src/main/AndroidManifest.xml:17:66-104
44
45        <activity android:name="com.m.sofiane.go4lunch.activity.mainactivity" >
45-->src/main/AndroidManifest.xml:20:9-26:20
45-->src/main/AndroidManifest.xml:20:19-56
46            <intent-filter>
46-->src/main/AndroidManifest.xml:21:13-24:29
47                <action android:name="android.intent.action.MAIN" />
47-->src/main/AndroidManifest.xml:22:13-65
47-->src/main/AndroidManifest.xml:22:21-62
48
49                <category android:name="android.intent.category.LAUNCHER" />
49-->src/main/AndroidManifest.xml:23:13-73
49-->src/main/AndroidManifest.xml:23:23-70
50            </intent-filter>
51        </activity>
52        <activity android:name="com.m.sofiane.go4lunch.activity.loginactivity" >
52-->src/main/AndroidManifest.xml:28:9-30:20
52-->src/main/AndroidManifest.xml:28:19-57
53        </activity>
54        <activity android:name="com.m.sofiane.go4lunch.activity.subactivity" />
54-->src/main/AndroidManifest.xml:31:9-58
54-->src/main/AndroidManifest.xml:31:19-55
55
56        <receiver android:name="com.m.sofiane.go4lunch.services.notificationService" />
56-->src/main/AndroidManifest.xml:34:9-66
56-->src/main/AndroidManifest.xml:34:19-63
57
58        <activity android:name="com.m.sofiane.go4lunch.activity.webviewactivity" />
58-->src/main/AndroidManifest.xml:36:9-62
58-->src/main/AndroidManifest.xml:36:19-59
59
60        <meta-data
60-->src/main/AndroidManifest.xml:39:9-42:45
61            android:name="com.facebook.sdk.ApplicationId"
61-->src/main/AndroidManifest.xml:40:13-58
62            android:value="@string/facebook_application_id" />
62-->src/main/AndroidManifest.xml:41:13-60
63
64        <activity
64-->[com.twitter.sdk.android:twitter-core:3.3.0] AndroidManifest.xml:28:9-32:40
65            android:name="com.twitter.sdk.android.core.identity.OAuthActivity"
65-->[com.twitter.sdk.android:twitter-core:3.3.0] AndroidManifest.xml:29:13-79
66            android:configChanges="orientation|screenSize"
66-->[com.twitter.sdk.android:twitter-core:3.3.0] AndroidManifest.xml:30:13-59
67            android:excludeFromRecents="true"
67-->[com.twitter.sdk.android:twitter-core:3.3.0] AndroidManifest.xml:31:13-46
68            android:exported="false" />
68-->[com.twitter.sdk.android:twitter-core:3.3.0] AndroidManifest.xml:32:13-37
69
70        <meta-data
70-->[com.firebaseui:firebase-ui-auth:6.0.2] AndroidManifest.xml:16:9-18:69
71            android:name="com.google.android.gms.version"
71-->[com.firebaseui:firebase-ui-auth:6.0.2] AndroidManifest.xml:17:13-58
72            android:value="@integer/google_play_services_version" />
72-->[com.firebaseui:firebase-ui-auth:6.0.2] AndroidManifest.xml:18:13-66
73
74        <activity
74-->[com.firebaseui:firebase-ui-auth:6.0.2] AndroidManifest.xml:23:9-27:61
75            android:name="com.firebase.ui.auth.KickoffActivity"
75-->[com.firebaseui:firebase-ui-auth:6.0.2] AndroidManifest.xml:24:13-64
76            android:exported="false"
76-->[com.firebaseui:firebase-ui-auth:6.0.2] AndroidManifest.xml:25:13-37
77            android:label=""
77-->[com.firebaseui:firebase-ui-auth:6.0.2] AndroidManifest.xml:26:13-29
78            android:theme="@style/FirebaseUI.Transparent" />
78-->[com.firebaseui:firebase-ui-auth:6.0.2] AndroidManifest.xml:27:13-58
79        <activity
79-->[com.firebaseui:firebase-ui-auth:6.0.2] AndroidManifest.xml:28:9-32:61
80            android:name="com.firebase.ui.auth.ui.idp.SingleSignInActivity"
80-->[com.firebaseui:firebase-ui-auth:6.0.2] AndroidManifest.xml:29:13-76
81            android:exported="false"
81-->[com.firebaseui:firebase-ui-auth:6.0.2] AndroidManifest.xml:30:13-37
82            android:label=""
82-->[com.firebaseui:firebase-ui-auth:6.0.2] AndroidManifest.xml:31:13-29
83            android:theme="@style/FirebaseUI.Transparent" />
83-->[com.firebaseui:firebase-ui-auth:6.0.2] AndroidManifest.xml:32:13-58
84        <activity
84-->[com.firebaseui:firebase-ui-auth:6.0.2] AndroidManifest.xml:33:9-37:61
85            android:name="com.firebase.ui.auth.ui.credentials.CredentialSaveActivity"
85-->[com.firebaseui:firebase-ui-auth:6.0.2] AndroidManifest.xml:34:13-86
86            android:exported="false"
86-->[com.firebaseui:firebase-ui-auth:6.0.2] AndroidManifest.xml:35:13-37
87            android:label=""
87-->[com.firebaseui:firebase-ui-auth:6.0.2] AndroidManifest.xml:36:13-29
88            android:theme="@style/FirebaseUI.Transparent" />
88-->[com.firebaseui:firebase-ui-auth:6.0.2] AndroidManifest.xml:37:13-58
89        <activity
89-->[com.firebaseui:firebase-ui-auth:6.0.2] AndroidManifest.xml:38:9-42:58
90            android:name="com.firebase.ui.auth.ui.email.RecoverPasswordActivity"
90-->[com.firebaseui:firebase-ui-auth:6.0.2] AndroidManifest.xml:39:13-81
91            android:exported="false"
91-->[com.firebaseui:firebase-ui-auth:6.0.2] AndroidManifest.xml:40:13-37
92            android:label="@string/fui_title_recover_password_activity"
92-->[com.firebaseui:firebase-ui-auth:6.0.2] AndroidManifest.xml:41:13-72
93            android:windowSoftInputMode="adjustResize" />
93-->[com.firebaseui:firebase-ui-auth:6.0.2] AndroidManifest.xml:42:13-55
94        <activity
94-->[com.firebaseui:firebase-ui-auth:6.0.2] AndroidManifest.xml:43:9-47:58
95            android:name="com.firebase.ui.auth.ui.email.EmailActivity"
95-->[com.firebaseui:firebase-ui-auth:6.0.2] AndroidManifest.xml:44:13-71
96            android:exported="false"
96-->[com.firebaseui:firebase-ui-auth:6.0.2] AndroidManifest.xml:45:13-37
97            android:label="@string/fui_sign_in_default"
97-->[com.firebaseui:firebase-ui-auth:6.0.2] AndroidManifest.xml:46:13-56
98            android:windowSoftInputMode="adjustResize" />
98-->[com.firebaseui:firebase-ui-auth:6.0.2] AndroidManifest.xml:47:13-55
99        <activity
99-->[com.firebaseui:firebase-ui-auth:6.0.2] AndroidManifest.xml:48:9-52:77
100            android:name="com.firebase.ui.auth.ui.phone.PhoneActivity"
100-->[com.firebaseui:firebase-ui-auth:6.0.2] AndroidManifest.xml:49:13-71
101            android:exported="false"
101-->[com.firebaseui:firebase-ui-auth:6.0.2] AndroidManifest.xml:50:13-37
102            android:label="@string/fui_sign_in_with_phone_number"
102-->[com.firebaseui:firebase-ui-auth:6.0.2] AndroidManifest.xml:51:13-66
103            android:windowSoftInputMode="adjustResize|stateAlwaysVisible" />
103-->[com.firebaseui:firebase-ui-auth:6.0.2] AndroidManifest.xml:52:13-74
104        <activity
104-->[com.firebaseui:firebase-ui-auth:6.0.2] AndroidManifest.xml:53:9-57:58
105            android:name="com.firebase.ui.auth.ui.idp.WelcomeBackIdpPrompt"
105-->[com.firebaseui:firebase-ui-auth:6.0.2] AndroidManifest.xml:54:13-76
106            android:exported="false"
106-->[com.firebaseui:firebase-ui-auth:6.0.2] AndroidManifest.xml:55:13-37
107            android:label="@string/fui_title_welcome_back_idp_prompt"
107-->[com.firebaseui:firebase-ui-auth:6.0.2] AndroidManifest.xml:56:13-70
108            android:windowSoftInputMode="adjustResize" />
108-->[com.firebaseui:firebase-ui-auth:6.0.2] AndroidManifest.xml:57:13-55
109        <activity
109-->[com.firebaseui:firebase-ui-auth:6.0.2] AndroidManifest.xml:58:9-62:58
110            android:name="com.firebase.ui.auth.ui.email.WelcomeBackPasswordPrompt"
110-->[com.firebaseui:firebase-ui-auth:6.0.2] AndroidManifest.xml:59:13-83
111            android:exported="false"
111-->[com.firebaseui:firebase-ui-auth:6.0.2] AndroidManifest.xml:60:13-37
112            android:label="@string/fui_title_welcome_back_password_prompt"
112-->[com.firebaseui:firebase-ui-auth:6.0.2] AndroidManifest.xml:61:13-75
113            android:windowSoftInputMode="adjustResize" />
113-->[com.firebaseui:firebase-ui-auth:6.0.2] AndroidManifest.xml:62:13-55
114        <activity
114-->[com.firebaseui:firebase-ui-auth:6.0.2] AndroidManifest.xml:63:9-67:58
115            android:name="com.firebase.ui.auth.ui.email.WelcomeBackEmailLinkPrompt"
115-->[com.firebaseui:firebase-ui-auth:6.0.2] AndroidManifest.xml:64:13-84
116            android:exported="false"
116-->[com.firebaseui:firebase-ui-auth:6.0.2] AndroidManifest.xml:65:13-37
117            android:label="@string/fui_title_welcome_back_password_prompt"
117-->[com.firebaseui:firebase-ui-auth:6.0.2] AndroidManifest.xml:66:13-75
118            android:windowSoftInputMode="adjustResize" />
118-->[com.firebaseui:firebase-ui-auth:6.0.2] AndroidManifest.xml:67:13-55
119        <activity
119-->[com.firebaseui:firebase-ui-auth:6.0.2] AndroidManifest.xml:68:9-73:58
120            android:name="com.firebase.ui.auth.ui.email.EmailLinkCatcherActivity"
120-->[com.firebaseui:firebase-ui-auth:6.0.2] AndroidManifest.xml:69:13-82
121            android:exported="false"
121-->[com.firebaseui:firebase-ui-auth:6.0.2] AndroidManifest.xml:70:13-37
122            android:label=""
122-->[com.firebaseui:firebase-ui-auth:6.0.2] AndroidManifest.xml:71:13-29
123            android:theme="@style/FirebaseUI.Transparent"
123-->[com.firebaseui:firebase-ui-auth:6.0.2] AndroidManifest.xml:72:13-58
124            android:windowSoftInputMode="adjustResize" />
124-->[com.firebaseui:firebase-ui-auth:6.0.2] AndroidManifest.xml:73:13-55
125        <activity
125-->[com.firebaseui:firebase-ui-auth:6.0.2] AndroidManifest.xml:74:9-78:58
126            android:name="com.firebase.ui.auth.ui.email.EmailLinkErrorRecoveryActivity"
126-->[com.firebaseui:firebase-ui-auth:6.0.2] AndroidManifest.xml:75:13-88
127            android:exported="false"
127-->[com.firebaseui:firebase-ui-auth:6.0.2] AndroidManifest.xml:76:13-37
128            android:label="@string/fui_sign_in_default"
128-->[com.firebaseui:firebase-ui-auth:6.0.2] AndroidManifest.xml:77:13-56
129            android:windowSoftInputMode="adjustResize" />
129-->[com.firebaseui:firebase-ui-auth:6.0.2] AndroidManifest.xml:78:13-55
130        <activity
130-->[com.firebaseui:firebase-ui-auth:6.0.2] AndroidManifest.xml:79:9-82:65
131            android:name="com.firebase.ui.auth.ui.idp.AuthMethodPickerActivity"
131-->[com.firebaseui:firebase-ui-auth:6.0.2] AndroidManifest.xml:80:13-80
132            android:exported="false"
132-->[com.firebaseui:firebase-ui-auth:6.0.2] AndroidManifest.xml:81:13-37
133            android:label="@string/fui_default_toolbar_title" />
133-->[com.firebaseui:firebase-ui-auth:6.0.2] AndroidManifest.xml:82:13-62
134        <activity
134-->[com.firebaseui:firebase-ui-auth:6.0.2] AndroidManifest.xml:83:9-87:48
135            android:name="com.facebook.FacebookActivity"
135-->[com.firebaseui:firebase-ui-auth:6.0.2] AndroidManifest.xml:84:13-57
136            android:configChanges="keyboard|keyboardHidden|screenLayout|screenSize|orientation"
136-->[com.firebaseui:firebase-ui-auth:6.0.2] AndroidManifest.xml:85:13-96
137            android:label="@string/app_name"
137-->[com.firebaseui:firebase-ui-auth:6.0.2] AndroidManifest.xml:86:13-45
138            android:theme="@style/com_facebook_activity_theme" />
138-->[com.facebook.android:facebook-common:4.42.0] AndroidManifest.xml:32:13-63
139        <activity
139-->[com.firebaseui:firebase-ui-auth:6.0.2] AndroidManifest.xml:88:9-100:20
140            android:name="com.facebook.CustomTabActivity"
140-->[com.firebaseui:firebase-ui-auth:6.0.2] AndroidManifest.xml:89:13-58
141            android:exported="true" >
141-->[com.firebaseui:firebase-ui-auth:6.0.2] AndroidManifest.xml:90:13-36
142            <intent-filter>
142-->[com.firebaseui:firebase-ui-auth:6.0.2] AndroidManifest.xml:92:13-99:29
143                <action android:name="android.intent.action.VIEW" />
143-->[com.firebaseui:firebase-ui-auth:6.0.2] AndroidManifest.xml:93:17-69
143-->[com.firebaseui:firebase-ui-auth:6.0.2] AndroidManifest.xml:93:25-66
144
145                <category android:name="android.intent.category.DEFAULT" />
145-->[com.firebaseui:firebase-ui-auth:6.0.2] AndroidManifest.xml:95:17-76
145-->[com.firebaseui:firebase-ui-auth:6.0.2] AndroidManifest.xml:95:27-73
146                <category android:name="android.intent.category.BROWSABLE" />
146-->[com.firebaseui:firebase-ui-auth:6.0.2] AndroidManifest.xml:96:17-78
146-->[com.firebaseui:firebase-ui-auth:6.0.2] AndroidManifest.xml:96:27-75
147
148                <data android:scheme="@string/facebook_login_protocol_scheme" />
148-->[com.firebaseui:firebase-ui-auth:6.0.2] AndroidManifest.xml:98:17-81
148-->[com.firebaseui:firebase-ui-auth:6.0.2] AndroidManifest.xml:98:23-78
149            </intent-filter>
150        </activity>
151
152        <provider
152-->[com.firebaseui:firebase-ui-auth:6.0.2] AndroidManifest.xml:102:9-106:38
153            android:name="com.firebase.ui.auth.data.client.AuthUiInitProvider"
153-->[com.firebaseui:firebase-ui-auth:6.0.2] AndroidManifest.xml:103:13-79
154            android:authorities="com.m.sofiane.Go4lunch.authuiinitprovider"
154-->[com.firebaseui:firebase-ui-auth:6.0.2] AndroidManifest.xml:104:13-70
155            android:exported="false"
155-->[com.firebaseui:firebase-ui-auth:6.0.2] AndroidManifest.xml:105:13-37
156            android:initOrder="90" />
156-->[com.firebaseui:firebase-ui-auth:6.0.2] AndroidManifest.xml:106:13-35
157
158        <activity android:name="com.facebook.CustomTabMainActivity" />
158-->[com.facebook.android:facebook-common:4.42.0] AndroidManifest.xml:33:9-71
158-->[com.facebook.android:facebook-common:4.42.0] AndroidManifest.xml:33:19-68
159        <activity
159-->[com.karumi:dexter:6.0.0] AndroidManifest.xml:27:9-29:72
160            android:name="com.karumi.dexter.DexterActivity"
160-->[com.karumi:dexter:6.0.0] AndroidManifest.xml:28:13-60
161            android:theme="@style/Dexter.Internal.Theme.Transparent" />
161-->[com.karumi:dexter:6.0.0] AndroidManifest.xml:29:13-69
162        <activity
162-->[com.google.android.libraries.places:places:2.2.0] AndroidManifest.xml:14:9-20:20
163            android:name="com.google.android.libraries.places.widget.AutocompleteActivity"
163-->[com.google.android.libraries.places:places:2.2.0] AndroidManifest.xml:15:13-91
164            android:exported="false"
164-->[com.google.android.libraries.places:places:2.2.0] AndroidManifest.xml:16:13-37
165            android:label="@string/places_autocomplete_label"
165-->[com.google.android.libraries.places:places:2.2.0] AndroidManifest.xml:17:13-62
166            android:theme="@style/PlacesAutocompleteOverlay"
166-->[com.google.android.libraries.places:places:2.2.0] AndroidManifest.xml:18:13-61
167            android:windowSoftInputMode="adjustResize" >
167-->[com.google.android.libraries.places:places:2.2.0] AndroidManifest.xml:19:13-55
168        </activity>
169        <!--
170             FirebaseMessagingService performs security checks at runtime,
171             but set to not exported to explicitly avoid allowing another app to call it.
172        -->
173        <service
173-->[com.google.firebase:firebase-messaging:20.1.6] AndroidManifest.xml:28:9-34:19
174            android:name="com.google.firebase.messaging.FirebaseMessagingService"
174-->[com.google.firebase:firebase-messaging:20.1.6] AndroidManifest.xml:29:13-82
175            android:exported="false" >
175-->[com.google.firebase:firebase-messaging:20.1.6] AndroidManifest.xml:30:13-37
176            <intent-filter android:priority="-500" >
176-->[com.google.firebase:firebase-messaging:20.1.6] AndroidManifest.xml:31:13-33:29
176-->[com.google.firebase:firebase-messaging:20.1.6] AndroidManifest.xml:31:28-51
177                <action android:name="com.google.firebase.MESSAGING_EVENT" />
177-->[com.google.firebase:firebase-messaging:20.1.6] AndroidManifest.xml:32:17-78
177-->[com.google.firebase:firebase-messaging:20.1.6] AndroidManifest.xml:32:25-75
178            </intent-filter>
179        </service>
180        <service
180-->[com.google.firebase:firebase-messaging:20.1.6] AndroidManifest.xml:35:9-41:19
181            android:name="com.google.firebase.components.ComponentDiscoveryService"
181-->[com.google.firebase:firebase-messaging:20.1.6] AndroidManifest.xml:36:13-84
182            android:directBootAware="true"
182-->[com.google.firebase:firebase-common:19.3.0] AndroidManifest.xml:34:13-43
183            android:exported="false" >
183-->[com.google.firebase:firebase-messaging:20.1.6] AndroidManifest.xml:37:13-37
184            <meta-data
184-->[com.google.firebase:firebase-messaging:20.1.6] AndroidManifest.xml:38:13-40:85
185                android:name="com.google.firebase.components:com.google.firebase.messaging.FirebaseMessagingRegistrar"
185-->[com.google.firebase:firebase-messaging:20.1.6] AndroidManifest.xml:39:17-119
186                android:value="com.google.firebase.components.ComponentRegistrar" />
186-->[com.google.firebase:firebase-messaging:20.1.6] AndroidManifest.xml:40:17-82
187            <meta-data
187-->[com.google.firebase:firebase-database:19.2.0] AndroidManifest.xml:32:13-34:85
188                android:name="com.google.firebase.components:com.google.firebase.database.DatabaseRegistrar"
188-->[com.google.firebase:firebase-database:19.2.0] AndroidManifest.xml:33:17-109
189                android:value="com.google.firebase.components.ComponentRegistrar" />
189-->[com.google.firebase:firebase-database:19.2.0] AndroidManifest.xml:34:17-82
190            <meta-data
190-->[com.google.firebase:firebase-firestore:21.4.2] AndroidManifest.xml:20:13-22:85
191                android:name="com.google.firebase.components:com.google.firebase.firestore.FirestoreRegistrar"
191-->[com.google.firebase:firebase-firestore:21.4.2] AndroidManifest.xml:21:17-111
192                android:value="com.google.firebase.components.ComponentRegistrar" />
192-->[com.google.firebase:firebase-firestore:21.4.2] AndroidManifest.xml:22:17-82
193            <meta-data
193-->[com.google.firebase:firebase-auth:19.3.0] AndroidManifest.xml:36:13-38:85
194                android:name="com.google.firebase.components:com.google.firebase.auth.FirebaseAuthRegistrar"
194-->[com.google.firebase:firebase-auth:19.3.0] AndroidManifest.xml:37:17-109
195                android:value="com.google.firebase.components.ComponentRegistrar" />
195-->[com.google.firebase:firebase-auth:19.3.0] AndroidManifest.xml:38:17-82
196            <meta-data
196-->[com.google.android.gms:play-services-measurement-api:17.3.0] AndroidManifest.xml:30:13-32:85
197                android:name="com.google.firebase.components:com.google.firebase.analytics.connector.internal.AnalyticsConnectorRegistrar"
197-->[com.google.android.gms:play-services-measurement-api:17.3.0] AndroidManifest.xml:31:17-139
198                android:value="com.google.firebase.components.ComponentRegistrar" />
198-->[com.google.android.gms:play-services-measurement-api:17.3.0] AndroidManifest.xml:32:17-82
199            <meta-data
199-->[com.google.firebase:firebase-iid:20.1.6] AndroidManifest.xml:32:13-34:85
200                android:name="com.google.firebase.components:com.google.firebase.iid.Registrar"
200-->[com.google.firebase:firebase-iid:20.1.6] AndroidManifest.xml:33:17-96
201                android:value="com.google.firebase.components.ComponentRegistrar" />
201-->[com.google.firebase:firebase-iid:20.1.6] AndroidManifest.xml:34:17-82
202            <meta-data
202-->[com.google.firebase:firebase-datatransport:17.0.3] AndroidManifest.xml:28:13-30:85
203                android:name="com.google.firebase.components:com.google.firebase.datatransport.TransportRegistrar"
203-->[com.google.firebase:firebase-datatransport:17.0.3] AndroidManifest.xml:29:17-115
204                android:value="com.google.firebase.components.ComponentRegistrar" />
204-->[com.google.firebase:firebase-datatransport:17.0.3] AndroidManifest.xml:30:17-82
205            <meta-data
205-->[com.google.firebase:firebase-installations:16.2.2] AndroidManifest.xml:17:13-19:85
206                android:name="com.google.firebase.components:com.google.firebase.installations.FirebaseInstallationsRegistrar"
206-->[com.google.firebase:firebase-installations:16.2.2] AndroidManifest.xml:18:17-127
207                android:value="com.google.firebase.components.ComponentRegistrar" />
207-->[com.google.firebase:firebase-installations:16.2.2] AndroidManifest.xml:19:17-82
208        </service> <!-- Needs to be explicitly declared on P+ -->
209        <uses-library
209-->[com.google.android.gms:play-services-maps:17.0.0] AndroidManifest.xml:33:9-35:40
210            android:name="org.apache.http.legacy"
210-->[com.google.android.gms:play-services-maps:17.0.0] AndroidManifest.xml:34:13-50
211            android:required="false" />
211-->[com.google.android.gms:play-services-maps:17.0.0] AndroidManifest.xml:35:13-37
212
213        <activity
213-->[com.google.android.gms:play-services-auth:18.0.0] AndroidManifest.xml:23:9-27:75
214            android:name="com.google.android.gms.auth.api.signin.internal.SignInHubActivity"
214-->[com.google.android.gms:play-services-auth:18.0.0] AndroidManifest.xml:24:13-93
215            android:excludeFromRecents="true"
215-->[com.google.android.gms:play-services-auth:18.0.0] AndroidManifest.xml:25:13-46
216            android:exported="false"
216-->[com.google.android.gms:play-services-auth:18.0.0] AndroidManifest.xml:26:13-37
217            android:theme="@android:style/Theme.Translucent.NoTitleBar" />
217-->[com.google.android.gms:play-services-auth:18.0.0] AndroidManifest.xml:27:13-72
218        <!--
219            Service handling Google Sign-In user revocation. For apps that do not integrate with
220            Google Sign-In, this service will never be started.
221        -->
222        <service
222-->[com.google.android.gms:play-services-auth:18.0.0] AndroidManifest.xml:33:9-36:110
223            android:name="com.google.android.gms.auth.api.signin.RevocationBoundService"
223-->[com.google.android.gms:play-services-auth:18.0.0] AndroidManifest.xml:34:13-89
224            android:exported="true"
224-->[com.google.android.gms:play-services-auth:18.0.0] AndroidManifest.xml:35:13-36
225            android:permission="com.google.android.gms.auth.api.signin.permission.REVOCATION_NOTIFICATION" />
225-->[com.google.android.gms:play-services-auth:18.0.0] AndroidManifest.xml:36:13-107
226
227        <activity
227-->[com.google.firebase:firebase-auth:19.3.0] AndroidManifest.xml:24:9-31:50
228            android:name="com.google.firebase.auth.internal.FederatedSignInActivity"
228-->[com.google.firebase:firebase-auth:19.3.0] AndroidManifest.xml:25:13-85
229            android:excludeFromRecents="true"
229-->[com.google.firebase:firebase-auth:19.3.0] AndroidManifest.xml:26:13-46
230            android:exported="true"
230-->[com.google.firebase:firebase-auth:19.3.0] AndroidManifest.xml:27:13-36
231            android:launchMode="singleTask"
231-->[com.google.firebase:firebase-auth:19.3.0] AndroidManifest.xml:28:13-44
232            android:permission="com.google.firebase.auth.api.gms.permission.LAUNCH_FEDERATED_SIGN_IN"
232-->[com.google.firebase:firebase-auth:19.3.0] AndroidManifest.xml:29:13-102
233            android:theme="@android:style/Theme.Translucent.NoTitleBar" />
233-->[com.google.firebase:firebase-auth:19.3.0] AndroidManifest.xml:30:13-72
234
235        <provider
235-->[androidx.work:work-runtime:2.0.0] AndroidManifest.xml:28:9-34:35
236            android:name="androidx.work.impl.WorkManagerInitializer"
236-->[androidx.work:work-runtime:2.0.0] AndroidManifest.xml:29:13-69
237            android:authorities="com.m.sofiane.Go4lunch.workmanager-init"
237-->[androidx.work:work-runtime:2.0.0] AndroidManifest.xml:30:13-68
238            android:directBootAware="false"
238-->[androidx.work:work-runtime:2.0.0] AndroidManifest.xml:31:13-44
239            android:exported="false"
239-->[androidx.work:work-runtime:2.0.0] AndroidManifest.xml:32:13-37
240            android:multiprocess="true" />
240-->[androidx.work:work-runtime:2.0.0] AndroidManifest.xml:33:13-40
241
242        <service
242-->[androidx.work:work-runtime:2.0.0] AndroidManifest.xml:36:9-41:35
243            android:name="androidx.work.impl.background.systemalarm.SystemAlarmService"
243-->[androidx.work:work-runtime:2.0.0] AndroidManifest.xml:37:13-88
244            android:directBootAware="false"
244-->[androidx.work:work-runtime:2.0.0] AndroidManifest.xml:38:13-44
245            android:enabled="@bool/enable_system_alarm_service_default"
245-->[androidx.work:work-runtime:2.0.0] AndroidManifest.xml:39:13-72
246            android:exported="false" />
246-->[androidx.work:work-runtime:2.0.0] AndroidManifest.xml:40:13-37
247        <service
247-->[androidx.work:work-runtime:2.0.0] AndroidManifest.xml:42:9-48:35
248            android:name="androidx.work.impl.background.systemjob.SystemJobService"
248-->[androidx.work:work-runtime:2.0.0] AndroidManifest.xml:43:13-84
249            android:directBootAware="false"
249-->[androidx.work:work-runtime:2.0.0] AndroidManifest.xml:44:13-44
250            android:enabled="@bool/enable_system_job_service_default"
250-->[androidx.work:work-runtime:2.0.0] AndroidManifest.xml:45:13-70
251            android:exported="true"
251-->[androidx.work:work-runtime:2.0.0] AndroidManifest.xml:46:13-36
252            android:permission="android.permission.BIND_JOB_SERVICE" />
252-->[androidx.work:work-runtime:2.0.0] AndroidManifest.xml:47:13-69
253
254        <receiver
254-->[androidx.work:work-runtime:2.0.0] AndroidManifest.xml:50:9-55:35
255            android:name="androidx.work.impl.utils.ForceStopRunnable$BroadcastReceiver"
255-->[androidx.work:work-runtime:2.0.0] AndroidManifest.xml:51:13-88
256            android:directBootAware="false"
256-->[androidx.work:work-runtime:2.0.0] AndroidManifest.xml:52:13-44